<?xml version="1.0" encoding="UTF-8"?>
<testsuite name="basic.EliminateProjectTest" tests="1" skipped="0" failures="0" errors="0" timestamp="2024-10-16T15:55:52" hostname="HUGOALEJANDRO" time="32.978">
  <properties/>
  <testcase name="Verify create and delete project" classname="basic.EliminateProjectTest" time="32.978"/>
  <system-out><![CDATA[]]></system-out>
  <system-err><![CDATA[Oct 16, 2024 11:55:53 AM org.openqa.selenium.devtools.CdpVersionFinder findNearestMatch
WARNING: Unable to find an exact match for CDP version 130, returning the closest version; found: 129; Please update to a Selenium version that supports CDP version 130
]]></system-err>
</testsuite>
